# JRE version: OpenJDK Runtime Environment Temurin-21.0.7+6 (21.0.7+6) (build 21.0.7+6-LTS)
# Java VM: OpenJDK 64-Bit Server VM Temurin-21.0.7+6 (21.0.7+6-LTS, mixed mode, sharing, tiered, compressed oops, compressed class ptrs, parallel gc, windows-amd64)
GC Precious Log:
 CardTable entry size: 512
 CPUs: 4 total, 4 available
 Memory: 8026M
 Large Page Support: Disabled
 NUMA Support: Disabled
 Compressed Oops: Enabled (32-bit)
 Alignments: Space 512K, Generation 512K, Heap 2M
 Heap Min Capacity: 100M
 Heap Initial Capacity: 100M
 Heap Max Capacity: 2G
 Pre-touch: Disabled
 Parallel Workers: 4
Heap:
 PSYoungGen      total 18944K, used 18880K [0x00000000d5580000, 0x00000000d6c00000, 0x0000000100000000)
  eden space 18432K, 100% used [0x00000000d5580000,0x00000000d6780000,0x00000000d6780000)
  from space 512K, 87% used [0x00000000d6b80000,0x00000000d6bf0000,0x00000000d6c00000)
  to   space 1024K, 0% used [0x00000000d6a00000,0x00000000d6a00000,0x00000000d6b00000)
 ParOldGen       total 68608K, used 27166K [0x0000000080000000, 0x0000000084300000, 0x00000000d5580000)
  object space 68608K, 39% used [0x0000000080000000,0x0000000081a87860,0x0000000084300000)
 Metaspace       used 50678K, committed 51776K, reserved 1114112K
  class space    used 5370K, committed 5888K, reserved 1048576K
GC Heap History (20 events):
Event: 13.045 GC heap before
{Heap before GC invocations=13 (full 1):
 PSYoungGen      total 24064K, used 23590K [0x00000000d5580000, 0x00000000d7180000, 0x0000000100000000)
  eden space 22528K, 100% used [0x00000000d5580000,0x00000000d6b80000,0x00000000d6b80000)
  from space 1536K, 69% used [0x00000000d6f00000,0x00000000d70099d0,0x00000000d7080000)
  to   space 1024K, 0% used [0x00000000d7080000,0x00000000d7080000,0x00000000d7180000)
 ParOldGen       total 68608K, used 15137K [0x0000000080000000, 0x0000000084300000, 0x00000000d5580000)
  object space 68608K, 22% used [0x0000000080000000,0x0000000080ec8498,0x0000000084300000)
 Metaspace       used 33201K, committed 34176K, reserved 1114112K
  class space    used 3343K, committed 3776K, reserved 1048576K
}
Event: 13.047 GC heap after
{Heap after GC invocations=13 (full 1):
 PSYoungGen      total 23040K, used 1022K [0x00000000d5580000, 0x00000000d7180000, 0x0000000100000000)
  eden space 22016K, 0% used [0x00000000d5580000,0x00000000d5580000,0x00000000d6b00000)
  from space 1024K, 99% used [0x00000000d7080000,0x00000000d717f8e0,0x00000000d7180000)
  to   space 2560K, 0% used [0x00000000d6c80000,0x00000000d6c80000,0x00000000d6f00000)
 ParOldGen       total 68608K, used 16153K [0x0000000080000000, 0x0000000084300000, 0x00000000d5580000)
  object space 68608K, 23% used [0x0000000080000000,0x0000000080fc6528,0x0000000084300000)
 Metaspace       used 33201K, committed 34176K, reserved 1114112K
  class space    used 3343K, committed 3776K, reserved 1048576K
}
Event: 13.327 GC heap before
{Heap before GC invocations=14 (full 1):
 PSYoungGen      total 23040K, used 16495K [0x00000000d5580000, 0x00000000d7180000, 0x0000000100000000)
  eden space 22016K, 70% used [0x00000000d5580000,0x00000000d649c6b0,0x00000000d6b00000)
  from space 1024K, 99% used [0x00000000d7080000,0x00000000d717f8e0,0x00000000d7180000)
  to   space 2560K, 0% used [0x00000000d6c80000,0x00000000d6c80000,0x00000000d6f00000)
 ParOldGen       total 68608K, used 16153K [0x0000000080000000, 0x0000000084300000, 0x00000000d5580000)
  object space 68608K, 23% used [0x0000000080000000,0x0000000080fc6528,0x0000000084300000)
 Metaspace       used 34851K, committed 35840K, reserved 1114112K
  class space    used 3539K, committed 3968K, reserved 1048576K
}
Event: 13.330 GC heap after
{Heap after GC invocations=14 (full 1):
 PSYoungGen      total 24576K, used 1293K [0x00000000d5580000, 0x00000000d7100000, 0x0000000100000000)
  eden space 22016K, 0% used [0x00000000d5580000,0x00000000d5580000,0x00000000d6b00000)
  from space 2560K, 50% used [0x00000000d6c80000,0x00000000d6dc34a8,0x00000000d6f00000)
  to   space 2048K, 0% used [0x00000000d6f00000,0x00000000d6f00000,0x00000000d7100000)
 ParOldGen       total 68608K, used 17085K [0x0000000080000000, 0x0000000084300000, 0x00000000d5580000)
  object space 68608K, 24% used [0x0000000080000000,0x00000000810af7d8,0x0000000084300000)
 Metaspace       used 34851K, committed 35840K, reserved 1114112K
  class space    used 3539K, committed 3968K, reserved 1048576K
}
Event: 13.330 GC heap before
{Heap before GC invocations=15 (full 2):
 PSYoungGen      total 24576K, used 1293K [0x00000000d5580000, 0x00000000d7100000, 0x0000000100000000)
  eden space 22016K, 0% used [0x00000000d5580000,0x00000000d5580000,0x00000000d6b00000)
  from space 2560K, 50% used [0x00000000d6c80000,0x00000000d6dc34a8,0x00000000d6f00000)
  to   space 2048K, 0% used [0x00000000d6f00000,0x00000000d6f00000,0x00000000d7100000)
 ParOldGen       total 68608K, used 17085K [0x0000000080000000, 0x0000000084300000, 0x00000000d5580000)
  object space 68608K, 24% used [0x0000000080000000,0x00000000810af7d8,0x0000000084300000)
 Metaspace       used 34851K, committed 35840K, reserved 1114112K
  class space    used 3539K, committed 3968K, reserved 1048576K
}
Event: 13.381 GC heap after
{Heap after GC invocations=15 (full 2):
 PSYoungGen      total 24576K, used 0K [0x00000000d5580000, 0x00000000d7100000, 0x0000000100000000)
  eden space 22016K, 0% used [0x00000000d5580000,0x00000000d5580000,0x00000000d6b00000)
  from space 2560K, 0% used [0x00000000d6c80000,0x00000000d6c80000,0x00000000d6f00000)
  to   space 2048K, 0% used [0x00000000d6f00000,0x00000000d6f00000,0x00000000d7100000)
 ParOldGen       total 68608K, used 17737K [0x0000000080000000, 0x0000000084300000, 0x00000000d5580000)
  object space 68608K, 25% used [0x0000000080000000,0x0000000081152458,0x0000000084300000)
 Metaspace       used 34851K, committed 35840K, reserved 1114112K
  class space    used 3539K, committed 3968K, reserved 1048576K
}
Event: 13.868 GC heap before
{Heap before GC invocations=16 (full 2):
 PSYoungGen      total 24576K, used 22013K [0x00000000d5580000, 0x00000000d7100000, 0x0000000100000000)
  eden space 22016K, 99% used [0x00000000d5580000,0x00000000d6aff5d0,0x00000000d6b00000)
  from space 2560K, 0% used [0x00000000d6c80000,0x00000000d6c80000,0x00000000d6f00000)
  to   space 2048K, 0% used [0x00000000d6f00000,0x00000000d6f00000,0x00000000d7100000)
 ParOldGen       total 68608K, used 17737K [0x0000000080000000, 0x0000000084300000, 0x00000000d5580000)
  object space 68608K, 25% used [0x0000000080000000,0x0000000081152458,0x0000000084300000)
 Metaspace       used 37453K, committed 38528K, reserved 1114112K
  class space    used 3873K, committed 4352K, reserved 1048576K
}
Event: 13.870 GC heap after
{Heap after GC invocations=16 (full 2):
 PSYoungGen      total 24064K, used 1664K [0x00000000d5580000, 0x00000000d7100000, 0x0000000100000000)
  eden space 22016K, 0% used [0x00000000d5580000,0x00000000d5580000,0x00000000d6b00000)
  from space 2048K, 81% used [0x00000000d6f00000,0x00000000d70a0000,0x00000000d7100000)
  to   space 2048K, 0% used [0x00000000d6d00000,0x00000000d6d00000,0x00000000d6f00000)
 ParOldGen       total 68608K, used 17745K [0x0000000080000000, 0x0000000084300000, 0x00000000d5580000)
  object space 68608K, 25% used [0x0000000080000000,0x0000000081154458,0x0000000084300000)
 Metaspace       used 37453K, committed 38528K, reserved 1114112K
  class space    used 3873K, committed 4352K, reserved 1048576K
}
Event: 14.556 GC heap before
{Heap before GC invocations=17 (full 2):
 PSYoungGen      total 24064K, used 23680K [0x00000000d5580000, 0x00000000d7100000, 0x0000000100000000)
  eden space 22016K, 100% used [0x00000000d5580000,0x00000000d6b00000,0x00000000d6b00000)
  from space 2048K, 81% used [0x00000000d6f00000,0x00000000d70a0000,0x00000000d7100000)
  to   space 2048K, 0% used [0x00000000d6d00000,0x00000000d6d00000,0x00000000d6f00000)
 ParOldGen       total 68608K, used 17745K [0x0000000080000000, 0x0000000084300000, 0x00000000d5580000)
  object space 68608K, 25% used [0x0000000080000000,0x0000000081154458,0x0000000084300000)
 Metaspace       used 40005K, committed 41088K, reserved 1114112K
  class space    used 4186K, committed 4672K, reserved 1048576K
}
Event: 14.564 GC heap after
{Heap after GC invocations=17 (full 2):
 PSYoungGen      total 23552K, used 1376K [0x00000000d5580000, 0x00000000d6f80000, 0x0000000100000000)
  eden space 22016K, 0% used [0x00000000d5580000,0x00000000d5580000,0x00000000d6b00000)
  from space 1536K, 89% used [0x00000000d6d00000,0x00000000d6e58000,0x00000000d6e80000)
  to   space 1024K, 0% used [0x00000000d6e80000,0x00000000d6e80000,0x00000000d6f80000)
 ParOldGen       total 68608K, used 19281K [0x0000000080000000, 0x0000000084300000, 0x00000000d5580000)
  object space 68608K, 28% used [0x0000000080000000,0x00000000812d4468,0x0000000084300000)
 Metaspace       used 40005K, committed 41088K, reserved 1114112K
  class space    used 4186K, committed 4672K, reserved 1048576K
}
Event: 15.354 GC heap before
{Heap before GC invocations=18 (full 2):
 PSYoungGen      total 23552K, used 23392K [0x00000000d5580000, 0x00000000d6f80000, 0x0000000100000000)
  eden space 22016K, 100% used [0x00000000d5580000,0x00000000d6b00000,0x00000000d6b00000)
  from space 1536K, 89% used [0x00000000d6d00000,0x00000000d6e58000,0x00000000d6e80000)
  to   space 1024K, 0% used [0x00000000d6e80000,0x00000000d6e80000,0x00000000d6f80000)
 ParOldGen       total 68608K, used 19281K [0x0000000080000000, 0x0000000084300000, 0x00000000d5580000)
  object space 68608K, 28% used [0x0000000080000000,0x00000000812d4468,0x0000000084300000)
 Metaspace       used 42742K, committed 43840K, reserved 1114112K
  class space    used 4534K, committed 4992K, reserved 1048576K
}
Event: 15.360 GC heap after
{Heap after GC invocations=18 (full 2):
 PSYoungGen      total 23040K, used 1024K [0x00000000d5580000, 0x00000000d7100000, 0x0000000100000000)
  eden space 22016K, 0% used [0x00000000d5580000,0x00000000d5580000,0x00000000d6b00000)
  from space 1024K, 100% used [0x00000000d6e80000,0x00000000d6f80000,0x00000000d6f80000)
  to   space 3072K, 0% used [0x00000000d6b00000,0x00000000d6b00000,0x00000000d6e00000)
 ParOldGen       total 68608K, used 20768K [0x0000000080000000, 0x0000000084300000, 0x00000000d5580000)
  object space 68608K, 30% used [0x0000000080000000,0x0000000081448178,0x0000000084300000)
 Metaspace       used 42742K, committed 43840K, reserved 1114112K
  class space    used 4534K, committed 4992K, reserved 1048576K
}
Event: 16.345 GC heap before
{Heap before GC invocations=19 (full 2):
 PSYoungGen      total 23040K, used 23025K [0x00000000d5580000, 0x00000000d7100000, 0x0000000100000000)
  eden space 22016K, 99% used [0x00000000d5580000,0x00000000d6afc670,0x00000000d6b00000)
  from space 1024K, 100% used [0x00000000d6e80000,0x00000000d6f80000,0x00000000d6f80000)
  to   space 3072K, 0% used [0x00000000d6b00000,0x00000000d6b00000,0x00000000d6e00000)
 ParOldGen       total 68608K, used 20768K [0x0000000080000000, 0x0000000084300000, 0x00000000d5580000)
  object space 68608K, 30% used [0x0000000080000000,0x0000000081448178,0x0000000084300000)
 Metaspace       used 45144K, committed 46272K, reserved 1114112K
  class space    used 4800K, committed 5312K, reserved 1048576K
}
Event: 16.350 GC heap after
{Heap after GC invocations=19 (full 2):
 PSYoungGen      total 24064K, used 1885K [0x00000000d5580000, 0x00000000d7000000, 0x0000000100000000)
  eden space 22016K, 0% used [0x00000000d5580000,0x00000000d5580000,0x00000000d6b00000)
  from space 2048K, 92% used [0x00000000d6b00000,0x00000000d6cd7520,0x00000000d6d00000)
  to   space 2560K, 0% used [0x00000000d6d80000,0x00000000d6d80000,0x00000000d7000000)
 ParOldGen       total 68608K, used 21764K [0x0000000080000000, 0x0000000084300000, 0x00000000d5580000)
  object space 68608K, 31% used [0x0000000080000000,0x0000000081541188,0x0000000084300000)
 Metaspace       used 45144K, committed 46272K, reserved 1114112K
  class space    used 4800K, committed 5312K, reserved 1048576K
}
Event: 17.003 GC heap before
{Heap before GC invocations=20 (full 2):
 PSYoungGen      total 24064K, used 23875K [0x00000000d5580000, 0x00000000d7000000, 0x0000000100000000)
  eden space 22016K, 99% used [0x00000000d5580000,0x00000000d6af96e8,0x00000000d6b00000)
  from space 2048K, 92% used [0x00000000d6b00000,0x00000000d6cd7520,0x00000000d6d00000)
  to   space 2560K, 0% used [0x00000000d6d80000,0x00000000d6d80000,0x00000000d7000000)
 ParOldGen       total 68608K, used 21764K [0x0000000080000000, 0x0000000084300000, 0x00000000d5580000)
  object space 68608K, 31% used [0x0000000080000000,0x0000000081541188,0x0000000084300000)
 Metaspace       used 47569K, committed 48640K, reserved 1114112K
  class space    used 5043K, committed 5504K, reserved 1048576K
}
Event: 17.007 GC heap after
{Heap after GC invocations=20 (full 2):
 PSYoungGen      total 20992K, used 2546K [0x00000000d5580000, 0x00000000d7700000, 0x0000000100000000)
  eden space 18432K, 0% used [0x00000000d5580000,0x00000000d5580000,0x00000000d6780000)
  from space 2560K, 99% used [0x00000000d6d80000,0x00000000d6ffc908,0x00000000d7000000)
  to   space 6144K, 0% used [0x00000000d6780000,0x00000000d6780000,0x00000000d6d80000)
 ParOldGen       total 68608K, used 24382K [0x0000000080000000, 0x0000000084300000, 0x00000000d5580000)
  object space 68608K, 35% used [0x0000000080000000,0x00000000817cfb68,0x0000000084300000)
 Metaspace       used 47569K, committed 48640K, reserved 1114112K
  class space    used 5043K, committed 5504K, reserved 1048576K
}
Event: 17.375 GC heap before
{Heap before GC invocations=21 (full 2):
 PSYoungGen      total 20992K, used 20978K [0x00000000d5580000, 0x00000000d7700000, 0x0000000100000000)
  eden space 18432K, 100% used [0x00000000d5580000,0x00000000d6780000,0x00000000d6780000)
  from space 2560K, 99% used [0x00000000d6d80000,0x00000000d6ffc908,0x00000000d7000000)
  to   space 6144K, 0% used [0x00000000d6780000,0x00000000d6780000,0x00000000d6d80000)
 ParOldGen       total 68608K, used 24382K [0x0000000080000000, 0x0000000084300000, 0x00000000d5580000)
  object space 68608K, 35% used [0x0000000080000000,0x00000000817cfb68,0x0000000084300000)
 Metaspace       used 48894K, committed 49984K, reserved 1114112K
  class space    used 5215K, committed 5696K, reserved 1048576K
}
Event: 17.379 GC heap after
{Heap after GC invocations=21 (full 2):
 PSYoungGen      total 18944K, used 491K [0x00000000d5580000, 0x00000000d6e00000, 0x0000000100000000)
  eden space 18432K, 0% used [0x00000000d5580000,0x00000000d5580000,0x00000000d6780000)
  from space 512K, 96% used [0x00000000d6780000,0x00000000d67faee8,0x00000000d6800000)
  to   space 2560K, 0% used [0x00000000d6b80000,0x00000000d6b80000,0x00000000d6e00000)
 ParOldGen       total 68608K, used 26814K [0x0000000080000000, 0x0000000084300000, 0x00000000d5580000)
  object space 68608K, 39% used [0x0000000080000000,0x0000000081a2f850,0x0000000084300000)
 Metaspace       used 48894K, committed 49984K, reserved 1114112K
  class space    used 5215K, committed 5696K, reserved 1048576K
}
Event: 17.786 GC heap before
{Heap before GC invocations=22 (full 2):
 PSYoungGen      total 18944K, used 18923K [0x00000000d5580000, 0x00000000d6e00000, 0x0000000100000000)
  eden space 18432K, 100% used [0x00000000d5580000,0x00000000d6780000,0x00000000d6780000)
  from space 512K, 96% used [0x00000000d6780000,0x00000000d67faee8,0x00000000d6800000)
  to   space 2560K, 0% used [0x00000000d6b80000,0x00000000d6b80000,0x00000000d6e00000)
 ParOldGen       total 68608K, used 26814K [0x0000000080000000, 0x0000000084300000, 0x00000000d5580000)
  object space 68608K, 39% used [0x0000000080000000,0x0000000081a2f850,0x0000000084300000)
 Metaspace       used 50115K, committed 51264K, reserved 1114112K
  class space    used 5329K, committed 5824K, reserved 1048576K
}
Event: 17.788 GC heap after
{Heap after GC invocations=22 (full 2):
 PSYoungGen      total 18944K, used 448K [0x00000000d5580000, 0x00000000d6c00000, 0x0000000100000000)
  eden space 18432K, 0% used [0x00000000d5580000,0x00000000d5580000,0x00000000d6780000)
  from space 512K, 87% used [0x00000000d6b80000,0x00000000d6bf0000,0x00000000d6c00000)
  to   space 1024K, 0% used [0x00000000d6a00000,0x00000000d6a00000,0x00000000d6b00000)
 ParOldGen       total 68608K, used 27166K [0x0000000080000000, 0x0000000084300000, 0x00000000d5580000)
  object space 68608K, 39% used [0x0000000080000000,0x0000000081a87860,0x0000000084300000)
 Metaspace       used 50115K, committed 51264K, reserved 1114112K
  class space    used 5329K, committed 5824K, reserved 1048576K
}

